2024-08-27 13:37:45|METERING|Gapblue|1|shirdi123|db_connector.js|openDbConnection|Execution time: 56.2255ms
2024-08-27 13:37:45|METERING|Gapblue|1|shirdi123|db_operation.js|executeQuery|Execution time: 58.9628ms
2024-08-27 13:37:45|METERING|Gapblue|1|shirdi@123|AuthenticationHandler.js|generateToken|Execution time: 1.4748ms
2024-08-27 13:37:45|METERING|Gapblue|1|shirdi123|service.js|loginUser|Execution time: 61.6557ms
2024-08-27 13:37:45|METERING|Gapblue|1|shirdi123|router.js|/login|Execution time: 61.714
2024-08-27 13:39:05|METERING|Gapblue|1|not-available|AuthenticationHandler.js|validateToken|Execution time: 1.6689ms
2024-08-27 13:39:05|METERING|Gapblue|1|not-available|AuthenticationHandler.js|handleTokenValidation|Execution time: 2.1847ms
2024-08-27 13:39:05|METERING|Gapblue|1|shirdi@123|db_connector.js|openDbConnection|Execution time: 4.3409ms
2024-08-27 13:39:05|METERING|Gapblue|1|shirdi@123|db_operation.js|executeTransaction|Execution time: 14.2015ms
2024-08-27 13:39:05|METERING|Gapblue|1|shirdi@123|service.js|createTask|Execution time: 17.955ms
2024-08-27 13:39:52|METERING|Gapblue|1|not-available|AuthenticationHandler.js|validateToken|Execution time: 0.8854ms
2024-08-27 13:39:52|METERING|Gapblue|1|not-available|AuthenticationHandler.js|handleTokenValidation|Execution time: 1.3946ms
2024-08-27 13:39:52|METERING|Gapblue|1|shirdi@123|db_connector.js|openDbConnection|Execution time: 4.9479ms
2024-08-27 13:39:52|METERING|Gapblue|1|shirdi@123|db_operation.js|executeQuery|Execution time: 7.8042ms
2024-08-27 13:39:52|METERING|Gapblue|1|shirdi@123|service.js|displayAllUsers|Execution time: 10.5083ms
2024-08-27 13:39:52|METERING|Gapblue|1|shirdi@123|router.js|/displayallusers|Executin time:11.0075
2024-08-27 14:22:48|METERING|Gapblue|1|undefined|service.js|loginUser|Execution time: 9.2645ms
2024-08-27 14:22:48|METERING|Gapblue|1|undefined|router.js|/login|Execution time: 11.5199
2024-08-27 14:22:54|METERING|Gapblue|1|shirdi123|db_connector.js|openDbConnection|Execution time: 168.4234ms
2024-08-27 14:22:54|METERING|Gapblue|1|shirdi123|db_operation.js|executeQuery|Execution time: 175.8775ms
2024-08-27 14:22:54|METERING|Gapblue|1|shirdi@123|AuthenticationHandler.js|generateToken|Execution time: 6.3577ms
2024-08-27 14:22:54|METERING|Gapblue|1|shirdi123|service.js|loginUser|Execution time: 186.4714ms
2024-08-27 14:22:54|METERING|Gapblue|1|shirdi123|router.js|/login|Execution time: 186.9325
2024-08-27 14:23:38|METERING|Gapblue|1|not-available|AuthenticationHandler.js|validateToken|Execution time: 3.3037ms
2024-08-27 14:23:38|METERING|Gapblue|1|not-available|AuthenticationHandler.js|handleTokenValidation|Execution time: 4.5908ms
2024-08-27 14:23:38|METERING|Gapblue|1|shirdi@123|db_connector.js|openDbConnection|Execution time: 7.0966ms
2024-08-27 14:23:38|METERING|Gapblue|1|shirdi@123|db_operation.js|executeTransaction|Execution time: 33.876ms
2024-08-27 14:23:38|METERING|Gapblue|1|shirdi@123|service.js|createTask|Execution time: 41.6117ms
2024-08-27 14:23:38|METERING|Gapblue|1|undefined|router.js|/createtask|Executin time:42.6698
2024-08-27 14:23:43|METERING|Gapblue|1|not-available|AuthenticationHandler.js|validateToken|Execution time: 1.0285ms
2024-08-27 14:23:43|METERING|Gapblue|1|not-available|AuthenticationHandler.js|handleTokenValidation|Execution time: 1.8312ms
2024-08-27 14:23:43|METERING|Gapblue|1|shirdi@123|db_connector.js|openDbConnection|Execution time: 6.0671ms
2024-08-27 14:23:43|METERING|Gapblue|1|shirdi@123|db_operation.js|executeTransaction|Execution time: 37.6935ms
2024-08-27 14:23:43|METERING|Gapblue|1|shirdi@123|service.js|createTask|Execution time: 41.7773ms
2024-08-27 14:23:43|METERING|Gapblue|1|undefined|router.js|/createtask|Executin time:42.0902
2024-08-27 14:23:55|METERING|Gapblue|1|not-available|AuthenticationHandler.js|validateToken|Execution time: 0.7984ms
2024-08-27 14:23:55|METERING|Gapblue|1|not-available|AuthenticationHandler.js|handleTokenValidation|Execution time: 1.8678ms
2024-08-27 14:23:55|METERING|Gapblue|1|shirdi@123|service.js|createTask|Execution time: 3.095ms
2024-08-27 14:23:55|METERING|Gapblue|1|undefined|router.js|/createtask|Executin time:3.3523
2024-08-27 14:35:47|METERING|Gapblue|1|not-available|AuthenticationHandler.js|validateToken|Execution time: 2.8652ms
2024-08-27 14:35:47|METERING|Gapblue|1|not-available|AuthenticationHandler.js|handleTokenValidation|Execution time: 7.8504ms
2024-08-27 14:35:47|METERING|Gapblue|1|shirdi@123|db_connector.js|openDbConnection|Execution time: 105.2816ms
2024-08-27 14:35:47|METERING|Gapblue|1|shirdi@123|db_operation.js|executeQuery|Execution time: 110.481ms
2024-08-27 14:35:47|METERING|Gapblue|1|undefined|service.js|startTask|Execution time: 123.572ms
2024-08-27 14:36:26|METERING|Gapblue|1|not-available|AuthenticationHandler.js|validateToken|Execution time: 1.6836ms
2024-08-27 14:36:26|METERING|Gapblue|1|not-available|AuthenticationHandler.js|handleTokenValidation|Execution time: 2.7738ms
2024-08-27 14:36:26|METERING|Gapblue|1|undefined|db_connector.js|openDbConnection|Execution time: 5.875ms
2024-08-27 14:36:26|METERING|Gapblue|1|undefined|db_operation.js|executeQuery|Execution time: 12.8103ms
2024-08-27 14:36:26|METERING|Gapblue|1|undefined|db_connector.js|openDbConnection|Execution time: 6.1446ms
2024-08-27 14:36:26|METERING|Gapblue|1|undefined|db_operation.js|executeQuery|Execution time: 9.7783ms
2024-08-27 14:36:26|METERING|Gapblue|1|shirdi@123|db_connector.js|openDbConnection|Execution time: 5.504ms
2024-08-27 14:36:26|METERING|Gapblue|1|shirdi@123|db_operation.js|executeTransaction|Execution time: 34.455ms
2024-08-27 14:36:26|METERING|Gapblue|1|shirdi@123|service.js|updateTaskProgress|Execution time: 64.9624ms
2024-08-27 14:36:59|METERING|Gapblue|1|not-available|AuthenticationHandler.js|validateToken|Execution time: 0.9067ms
2024-08-27 14:36:59|METERING|Gapblue|1|not-available|AuthenticationHandler.js|handleTokenValidation|Execution time: 1.652ms
2024-08-27 14:36:59|METERING|Gapblue|1|undefined|db_connector.js|openDbConnection|Execution time: 5.9759ms
2024-08-27 14:36:59|METERING|Gapblue|1|undefined|db_operation.js|executeQuery|Execution time: 8.7517ms
2024-08-27 14:36:59|METERING|Gapblue|1|undefined|db_connector.js|openDbConnection|Execution time: 6.2473ms
2024-08-27 14:36:59|METERING|Gapblue|1|undefined|db_operation.js|executeQuery|Execution time: 9.0503ms
2024-08-27 14:36:59|METERING|Gapblue|1|shirdi@123|db_connector.js|openDbConnection|Execution time: 4.5976ms
2024-08-27 14:36:59|METERING|Gapblue|1|shirdi@123|db_operation.js|executeTransaction|Execution time: 10.912ms
2024-08-27 14:36:59|METERING|Gapblue|1|shirdi@123|service.js|updateTaskProgress|Execution time: 33.314ms
2024-08-27 14:37:12|METERING|Gapblue|1|not-available|AuthenticationHandler.js|validateToken|Execution time: 0.5757ms
2024-08-27 14:37:12|METERING|Gapblue|1|not-available|AuthenticationHandler.js|handleTokenValidation|Execution time: 1.1158ms
2024-08-27 14:37:12|METERING|Gapblue|1|undefined|db_connector.js|openDbConnection|Execution time: 6.2011ms
2024-08-27 14:37:12|METERING|Gapblue|1|undefined|db_operation.js|executeQuery|Execution time: 8.3859ms
2024-08-27 14:37:12|METERING|Gapblue|1|undefined|db_connector.js|openDbConnection|Execution time: 5.8496ms
2024-08-27 14:37:12|METERING|Gapblue|1|undefined|db_operation.js|executeQuery|Execution time: 7.6899ms
2024-08-27 14:37:12|METERING|Gapblue|1|shirdi@123|db_connector.js|openDbConnection|Execution time: 8.143ms
2024-08-27 14:37:12|METERING|Gapblue|1|shirdi@123|db_operation.js|executeTransaction|Execution time: 32.7715ms
2024-08-27 14:37:12|METERING|Gapblue|1|shirdi@123|service.js|updateTaskProgress|Execution time: 52.3723ms
2024-08-27 14:37:21|METERING|Gapblue|1|not-available|AuthenticationHandler.js|validateToken|Execution time: 1.2871ms
2024-08-27 14:37:21|METERING|Gapblue|1|not-available|AuthenticationHandler.js|handleTokenValidation|Execution time: 1.8474ms
2024-08-27 14:37:21|METERING|Gapblue|1|undefined|db_connector.js|openDbConnection|Execution time: 7.2845ms
2024-08-27 14:37:21|METERING|Gapblue|1|undefined|db_operation.js|executeQuery|Execution time: 73.9ms
2024-08-27 14:37:21|METERING|Gapblue|1|undefined|db_connector.js|openDbConnection|Execution time: 4.6897ms
2024-08-27 14:37:21|METERING|Gapblue|1|undefined|db_operation.js|executeQuery|Execution time: 7.123ms
2024-08-27 14:37:21|METERING|Gapblue|1|shirdi@123|db_connector.js|openDbConnection|Execution time: 4.0948ms
2024-08-27 14:37:21|METERING|Gapblue|1|shirdi@123|db_operation.js|executeTransaction|Execution time: 31.7707ms
2024-08-27 14:37:21|METERING|Gapblue|1|shirdi@123|service.js|updateTaskProgress|Execution time: 117.008ms
2024-08-27 14:38:30|METERING|Gapblue|1|not-available|AuthenticationHandler.js|validateToken|Execution time: 5.5015ms
2024-08-27 14:38:30|METERING|Gapblue|1|not-available|AuthenticationHandler.js|handleTokenValidation|Execution time: 17.3682ms
2024-08-27 14:39:08|METERING|Gapblue|1|shirdi123|db_connector.js|openDbConnection|Execution time: 185.3667ms
2024-08-27 14:39:08|METERING|Gapblue|1|shirdi123|db_operation.js|executeQuery|Execution time: 191.2315ms
2024-08-27 14:39:08|METERING|Gapblue|1|shirdi@123|AuthenticationHandler.js|generateToken|Execution time: 3.8394ms
2024-08-27 14:39:08|METERING|Gapblue|1|shirdi123|service.js|loginUser|Execution time: 199.4576ms
2024-08-27 14:39:08|METERING|Gapblue|1|shirdi123|router.js|/login|Execution time: 200.1269
2024-08-27 14:39:31|METERING|Gapblue|1|not-available|AuthenticationHandler.js|validateToken|Execution time: 1.2632ms
2024-08-27 14:39:31|METERING|Gapblue|1|not-available|AuthenticationHandler.js|handleTokenValidation|Execution time: 1.9874ms
2024-08-27 14:39:31|METERING|Gapblue|1|shirdi@123|service.js|updateTaskProgress|Execution time: 3.3365ms
2024-08-27 14:39:58|METERING|Gapblue|1|not-available|AuthenticationHandler.js|validateToken|Execution time: 0.5877ms
2024-08-27 14:39:58|METERING|Gapblue|1|not-available|AuthenticationHandler.js|handleTokenValidation|Execution time: 1.1778ms
2024-08-27 14:39:58|METERING|Gapblue|1|undefined|db_connector.js|openDbConnection|Execution time: 6.8475ms
2024-08-27 14:39:58|METERING|Gapblue|1|undefined|db_operation.js|executeQuery|Execution time: 10.1108ms
2024-08-27 14:39:58|METERING|Gapblue|1|shirdi@123|service.js|updateTaskProgress|Execution time: 13.4767ms
2024-08-27 15:09:26|METERING|Gapblue|1|newuser|db_connector.js|openDbConnection|Execution time: 163.932ms
2024-08-27 15:09:26|METERING|Gapblue|1|newuser|db_operation.js|executeQuery|Execution time: 170.6328ms
2024-08-27 15:09:26|METERING|Gapblue|1|new_user@gmail.com|AuthenticationHandler.js|generateToken|Execution time: 4.4581ms
2024-08-27 15:09:26|METERING|Gapblue|1|newuser|service.js|loginUser|Execution time: 188.6594ms
2024-08-27 15:09:26|METERING|Gapblue|1|newuser|router.js|/login|Execution time: 189.7668
2024-08-27 15:10:06|METERING|Gapblue|1|shirdi123|db_connector.js|openDbConnection|Execution time: 8.058ms
2024-08-27 15:10:06|METERING|Gapblue|1|shirdi123|db_operation.js|executeQuery|Execution time: 12.6388ms
2024-08-27 15:10:06|METERING|Gapblue|1|shirdi@123|AuthenticationHandler.js|generateToken|Execution time: 1.4835ms
2024-08-27 15:10:06|METERING|Gapblue|1|shirdi123|service.js|loginUser|Execution time: 16.2202ms
2024-08-27 15:10:06|METERING|Gapblue|1|shirdi123|router.js|/login|Execution time: 16.748
2024-08-27 15:10:34|METERING|Gapblue|1|not-available|AuthenticationHandler.js|validateToken|Execution time: 2.6021ms
2024-08-27 15:10:34|METERING|Gapblue|1|shirdi@123|AuthenticationHandler.js|handleTokenValidation|Execution time: 4.5088ms
2024-08-27 15:10:34|METERING|Gapblue|1|undefined|service.js|displayAllTasks|Execution time: 6.8757
2024-08-27 15:10:45|METERING|Gapblue|1|not-available|AuthenticationHandler.js|validateToken|Execution time: 1.0189ms
2024-08-27 15:10:45|METERING|Gapblue|1|shirdi@123|AuthenticationHandler.js|handleTokenValidation|Execution time: 3.1453ms
2024-08-27 15:10:45|METERING|Gapblue|1|undefined|service.js|displayAllTasks|Execution time: 4.3124
2024-08-27 15:13:51|METERING|Gapblue|1|shirdi123|db_connector.js|openDbConnection|Execution time: 87.7942ms
2024-08-27 15:13:51|METERING|Gapblue|1|shirdi123|db_operation.js|executeQuery|Execution time: 91.9649ms
2024-08-27 15:13:51|METERING|Gapblue|1|shirdi@123|AuthenticationHandler.js|generateToken|Execution time: 2.497ms
2024-08-27 15:13:51|METERING|Gapblue|1|shirdi123|service.js|loginUser|Execution time: 102.746ms
2024-08-27 15:13:51|METERING|Gapblue|1|shirdi123|router.js|/login|Execution time: 103.3218
2024-08-27 15:14:39|METERING|Gapblue|1|newuser|db_connector.js|openDbConnection|Execution time: 4.2068ms
2024-08-27 15:14:39|METERING|Gapblue|1|newuser|db_operation.js|executeQuery|Execution time: 9.8445ms
2024-08-27 15:14:39|METERING|Gapblue|1|new_user@gmail.com|AuthenticationHandler.js|generateToken|Execution time: 1.734ms
2024-08-27 15:14:39|METERING|Gapblue|1|newuser|service.js|loginUser|Execution time: 13.7982ms
2024-08-27 15:14:39|METERING|Gapblue|1|newuser|router.js|/login|Execution time: 14.0036
2024-08-27 15:14:59|METERING|Gapblue|1|not-available|AuthenticationHandler.js|validateToken|Execution time: 2.331ms
2024-08-27 15:14:59|METERING|Gapblue|1|new_user@gmail.com|AuthenticationHandler.js|handleTokenValidation|Execution time: 3.8397ms
2024-08-27 15:16:54|METERING|Gapblue|1|not-available|AuthenticationHandler.js|validateToken|Execution time: 4.3113ms
2024-08-27 15:16:54|METERING|Gapblue|1|null|AuthenticationHandler.js|handleTokenValidation|Execution time: 17.9008ms
2024-08-27 15:18:40|METERING|Gapblue|1|not-available|AuthenticationHandler.js|validateToken|Execution time: 29242.793ms
2024-08-27 15:18:40|METERING|Gapblue|1|null|AuthenticationHandler.js|handleTokenValidation|Execution time: 49679.9739ms
2024-08-27 15:23:07|METERING|Gapblue|1|not-available|AuthenticationHandler.js|validateToken|Execution time: 3.2664ms
2024-08-27 15:23:07|METERING|Gapblue|1|null|AuthenticationHandler.js|handleTokenValidation|Execution time: 10.269ms
2024-08-27 15:23:10|METERING|Gapblue|1|not-available|AuthenticationHandler.js|validateToken|Execution time: 1.0428ms
2024-08-27 15:23:10|METERING|Gapblue|1|null|AuthenticationHandler.js|handleTokenValidation|Execution time: 6.1748ms
2024-08-27 15:23:16|METERING|Gapblue|1|not-available|AuthenticationHandler.js|validateToken|Execution time: 1.0082ms
2024-08-27 15:23:16|METERING|Gapblue|1|null|AuthenticationHandler.js|handleTokenValidation|Execution time: 3.325ms
2024-08-27 15:24:42|METERING|Gapblue|1|not-available|AuthenticationHandler.js|validateToken|Execution time: 4.5358ms
2024-08-27 15:24:42|METERING|Gapblue|1|null|AuthenticationHandler.js|handleTokenValidation|Execution time: 11.2509ms
2024-08-27 15:35:48|METERING|Gapblue|1|not-available|AuthenticationHandler.js|validateToken|Execution time: 3.2963ms
2024-08-27 15:35:48|METERING|Gapblue|1|null|AuthenticationHandler.js|handleTokenValidation|Execution time: 9.5ms
2024-08-27 15:46:32|METERING|Gapblue|1|not-available|AuthenticationHandler.js|validateToken|Execution time: 5.9294ms
2024-08-27 15:46:32|METERING|Gapblue|1|null|AuthenticationHandler.js|handleTokenValidation|Execution time: 17.9146ms
2024-08-27 15:46:32|METERING|Gapblue|1|undefined|service.js|createTask|Execution time: 20.5382ms
2024-08-27 15:46:32|METERING|Gapblue|1|undefined|router.js|/createtask|Executin time:22.6186
2024-08-27 15:46:43|METERING|Gapblue|1|undefined|service.js|loginUser|Execution time: 1.586ms
2024-08-27 15:46:43|METERING|Gapblue|1|undefined|router.js|/login|Execution time: 3.2204
2024-08-27 15:47:09|METERING|Gapblue|1|shirdi123|db_connector.js|openDbConnection|Execution time: 186.6933ms
2024-08-27 15:47:09|METERING|Gapblue|1|shirdi123|db_operation.js|executeQuery|Execution time: 194.6733ms
2024-08-27 15:47:09|METERING|Gapblue|1|shirdi@123|AuthenticationHandler.js|generateToken|Execution time: 4.6032ms
2024-08-27 15:47:09|METERING|Gapblue|1|shirdi123|service.js|loginUser|Execution time: 202.2446ms
2024-08-27 15:47:09|METERING|Gapblue|1|shirdi123|router.js|/login|Execution time: 202.7047
2024-08-27 15:47:22|METERING|Gapblue|1|undefined|service.js|loginUser|Execution time: 7.7205ms
2024-08-27 15:47:22|METERING|Gapblue|1|undefined|router.js|/login|Execution time: 8.8266
2024-08-27 15:47:29|METERING|Gapblue|1|not-available|AuthenticationHandler.js|validateToken|Execution time: 0.7546ms
2024-08-27 15:47:29|METERING|Gapblue|1|shirdi@123|AuthenticationHandler.js|handleTokenValidation|Execution time: 1.5953ms
2024-08-27 15:47:29|METERING|Gapblue|1|shirdi@123|service.js|createTask|Execution time: 3.9551ms
2024-08-27 15:47:29|METERING|Gapblue|1|undefined|router.js|/createtask|Executin time:4.3507
2024-08-27 15:47:45|METERING|Gapblue|1|not-available|AuthenticationHandler.js|validateToken|Execution time: 0.7959ms
2024-08-27 15:47:45|METERING|Gapblue|1|shirdi@123|AuthenticationHandler.js|handleTokenValidation|Execution time: 1.3665ms
2024-08-27 15:47:45|METERING|Gapblue|1|shirdi@123|service.js|createTask|Execution time: 2.4408ms
2024-08-27 15:47:45|METERING|Gapblue|1|undefined|router.js|/createtask|Executin time:2.7542
2024-08-27 15:47:53|METERING|Gapblue|1|not-available|AuthenticationHandler.js|validateToken|Execution time: 0.5281ms
2024-08-27 15:47:53|METERING|Gapblue|1|shirdi@123|AuthenticationHandler.js|handleTokenValidation|Execution time: 1.317ms
2024-08-27 15:47:53|METERING|Gapblue|1|shirdi@123|db_connector.js|openDbConnection|Execution time: 6.6865ms
2024-08-27 15:47:53|METERING|Gapblue|1|shirdi@123|db_operation.js|executeTransaction|Execution time: 38.8367ms
2024-08-27 15:47:53|METERING|Gapblue|1|shirdi@123|service.js|createTask|Execution time: 41.8039ms
2024-08-27 15:47:53|METERING|Gapblue|1|undefined|router.js|/createtask|Executin time:41.95
2024-08-27 16:26:01|METERING|Gapblue|1|shirdi123|db_connector.js|openDbConnection|Execution time: 101.3328ms
2024-08-27 16:26:01|METERING|Gapblue|1|shirdi123|db_operation.js|executeQuery|Execution time: 105.5357ms
2024-08-27 16:26:01|METERING|Gapblue|1|shirdi@123|AuthenticationHandler.js|generateToken|Execution time: 2.4625ms
2024-08-27 16:26:01|METERING|Gapblue|1|shirdi123|service.js|loginUser|Execution time: 115.0905ms
2024-08-27 16:26:01|METERING|Gapblue|1|shirdi123|router.js|/login|Execution time: 115.7118
2024-08-27 16:26:15|METERING|Gapblue|1|not-available|AuthenticationHandler.js|validateToken|Execution time: 3.1672ms
2024-08-27 16:26:15|METERING|Gapblue|1|shirdi@123|AuthenticationHandler.js|handleTokenValidation|Execution time: 4.5513ms
2024-08-27 16:26:15|METERING|Gapblue|1|shirdi@123|service.js|createTask|Execution time: 8.9002ms
2024-08-27 16:26:15|METERING|Gapblue|1|undefined|router.js|/createtask|Executin time:10.0332
2024-08-27 16:26:56|METERING|Gapblue|1|not-available|AuthenticationHandler.js|validateToken|Execution time: 1.4425ms
2024-08-27 16:27:11|METERING|Gapblue|1|not-available|AuthenticationHandler.js|validateToken|Execution time: 1.8825ms
2024-08-27 16:27:27|METERING|Gapblue|1|shirdi123|db_connector.js|openDbConnection|Execution time: 48.2447ms
2024-08-27 16:27:27|METERING|Gapblue|1|shirdi123|db_operation.js|executeQuery|Execution time: 51.0618ms
2024-08-27 16:27:27|METERING|Gapblue|1|shirdi@123|AuthenticationHandler.js|generateToken|Execution time: 1.6337ms
2024-08-27 16:27:27|METERING|Gapblue|1|shirdi123|service.js|loginUser|Execution time: 56.6787ms
2024-08-27 16:27:27|METERING|Gapblue|1|shirdi123|router.js|/login|Execution time: 56.9221
2024-08-27 16:27:44|METERING|Gapblue|1|not-available|AuthenticationHandler.js|validateToken|Execution time: 1.2399ms
2024-08-27 16:27:44|METERING|Gapblue|1|shirdi@123|AuthenticationHandler.js|handleTokenValidation|Execution time: 2.1891ms
2024-08-27 16:27:44|METERING|Gapblue|1|shirdi@123|db_connector.js|openDbConnection|Execution time: 4.729ms
2024-08-27 16:27:44|METERING|Gapblue|1|shirdi@123|db_operation.js|executeTransaction|Execution time: 14.3648ms
2024-08-27 16:27:44|METERING|Gapblue|1|shirdi@123|service.js|createTask|Execution time: 17.9433ms
2024-08-27 16:27:44|METERING|Gapblue|1|undefined|router.js|/createtask|Executin time:18.4869
2024-08-27 16:27:57|METERING|Gapblue|1|not-available|AuthenticationHandler.js|validateToken|Execution time: 0.866ms
2024-08-27 16:27:57|METERING|Gapblue|1|shirdi@123|AuthenticationHandler.js|handleTokenValidation|Execution time: 1.3025ms
2024-08-27 16:27:57|METERING|Gapblue|1|shirdi@123|db_connector.js|openDbConnection|Execution time: 4.7876ms
2024-08-27 16:27:57|METERING|Gapblue|1|shirdi@123|db_operation.js|executeTransaction|Execution time: 9.0746ms
2024-08-27 16:27:57|METERING|Gapblue|1|shirdi@123|service.js|createTask|Execution time: 10.7106ms
2024-08-27 16:27:57|METERING|Gapblue|1|undefined|router.js|/createtask|Executin time:11.0361
2024-08-27 16:27:59|METERING|Gapblue|1|not-available|AuthenticationHandler.js|validateToken|Execution time: 0.2095ms
2024-08-27 16:27:59|METERING|Gapblue|1|shirdi@123|AuthenticationHandler.js|handleTokenValidation|Execution time: 0.5039ms
2024-08-27 16:27:59|METERING|Gapblue|1|shirdi@123|db_connector.js|openDbConnection|Execution time: 3.3299ms
2024-08-27 16:27:59|METERING|Gapblue|1|shirdi@123|db_operation.js|executeTransaction|Execution time: 7.206ms
2024-08-27 16:27:59|METERING|Gapblue|1|shirdi@123|service.js|createTask|Execution time: 7.996ms
2024-08-27 16:27:59|METERING|Gapblue|1|undefined|router.js|/createtask|Executin time:8.2903
2024-08-27 16:41:46|METERING|Gapblue|1|null|AuthenticationHandler.js|handleTokenValidation|Execution time: 1.7029ms
2024-08-27 16:41:56|METERING|Gapblue|1|not-available|AuthenticationHandler.js|validateToken|Execution time: 1.5619ms
2024-08-27 16:41:56|METERING|Gapblue|1|null|AuthenticationHandler.js|handleTokenValidation|Execution time: 2.5012ms
2024-08-27 16:42:07|METERING|Gapblue|1|newuser|db_connector.js|openDbConnection|Execution time: 58.8606ms
2024-08-27 16:42:07|METERING|Gapblue|1|newuser|db_operation.js|executeQuery|Execution time: 61.0546ms
2024-08-27 16:42:07|METERING|Gapblue|1|new_user@gmail.com|AuthenticationHandler.js|generateToken|Execution time: 0.9972ms
2024-08-27 16:42:07|METERING|Gapblue|1|newuser|service.js|loginUser|Execution time: 63.3511ms
2024-08-27 16:42:07|METERING|Gapblue|1|newuser|router.js|/login|Execution time: 63.6398
2024-08-27 16:43:26|METERING|Gapblue|1|not-available|AuthenticationHandler.js|validateToken|Execution time: 0.4422ms
2024-08-27 16:43:26|METERING|Gapblue|1|new_user@gmail.com|AuthenticationHandler.js|handleTokenValidation|Execution time: 0.9047ms
2024-08-27 16:43:26|METERING|Gapblue|1|undefined|db_connector.js|openDbConnection|Execution time: 4.4089ms
2024-08-27 16:43:26|METERING|Gapblue|1|undefined|db_operation.js|executeQuery|Execution time: 16.303ms
2024-08-27 16:52:08|METERING|Gapblue|1|not-available|AuthenticationHandler.js|validateToken|Execution time: 1.6302ms
2024-08-27 16:52:08|METERING|Gapblue|1|null|AuthenticationHandler.js|handleTokenValidation|Execution time: 5.783ms
2024-08-27 16:52:21|METERING|Gapblue|1|shirdi123|db_connector.js|openDbConnection|Execution time: 58.0347ms
2024-08-27 16:52:21|METERING|Gapblue|1|shirdi123|db_operation.js|executeQuery|Execution time: 60.2611ms
2024-08-27 16:52:21|METERING|Gapblue|1|shirdi@123|AuthenticationHandler.js|generateToken|Execution time: 0.8962ms
2024-08-27 16:52:21|METERING|Gapblue|1|shirdi123|service.js|loginUser|Execution time: 62.4221ms
2024-08-27 16:52:21|METERING|Gapblue|1|shirdi123|router.js|/login|Execution time: 62.618
2024-08-27 16:52:35|METERING|Gapblue|1|not-available|AuthenticationHandler.js|validateToken|Execution time: 0.2104ms
2024-08-27 16:52:35|METERING|Gapblue|1|shirdi@123|AuthenticationHandler.js|handleTokenValidation|Execution time: 0.7071ms
2024-08-27 16:52:41|METERING|Gapblue|1|not-available|AuthenticationHandler.js|validateToken|Execution time: 0.4449ms
2024-08-27 16:52:41|METERING|Gapblue|1|shirdi@123|AuthenticationHandler.js|handleTokenValidation|Execution time: 0.703ms
2024-08-27 16:52:41|METERING|Gapblue|1|undefined|db_connector.js|openDbConnection|Execution time: 2.7602ms
2024-08-27 16:52:41|METERING|Gapblue|1|undefined|db_operation.js|executeQuery|Execution time: 13.5206ms
2024-08-27 16:54:27|METERING|Gapblue|1|not-available|AuthenticationHandler.js|validateToken|Execution time: 1.6074ms
2024-08-27 16:54:27|METERING|Gapblue|1|null|AuthenticationHandler.js|handleTokenValidation|Execution time: 5.3495ms
2024-08-27 16:54:37|METERING|Gapblue|1|newuser|db_connector.js|openDbConnection|Execution time: 104.7131ms
2024-08-27 16:54:37|METERING|Gapblue|1|newuser|db_operation.js|executeQuery|Execution time: 108.9816ms
2024-08-27 16:54:37|METERING|Gapblue|1|new_user@gmail.com|AuthenticationHandler.js|generateToken|Execution time: 1.5912ms
2024-08-27 16:54:37|METERING|Gapblue|1|newuser|service.js|loginUser|Execution time: 112.6415ms
2024-08-27 16:54:37|METERING|Gapblue|1|newuser|router.js|/login|Execution time: 113.0389
2024-08-27 16:54:52|METERING|Gapblue|1|not-available|AuthenticationHandler.js|validateToken|Execution time: 1.318ms
2024-08-27 16:54:52|METERING|Gapblue|1|new_user@gmail.com|AuthenticationHandler.js|handleTokenValidation|Execution time: 1.762ms
2024-08-27 16:54:52|METERING|Gapblue|1|undefined|db_connector.js|openDbConnection|Execution time: 3.4274ms
2024-08-27 16:54:52|METERING|Gapblue|1|undefined|db_operation.js|executeQuery|Execution time: 9.084ms
2024-08-28 09:55:30|METERING|Gapblue|1|shirdi123|db_connector.js|openDbConnection|Execution time: 265.2768ms
2024-08-28 09:55:30|METERING|Gapblue|1|shirdi123|db_operation.js|executeQuery|Execution time: 273.9602ms
2024-08-28 09:55:30|METERING|Gapblue|1|shirdi@123|AuthenticationHandler.js|generateToken|Execution time: 9.8221ms
2024-08-28 09:55:30|METERING|Gapblue|1|shirdi123|service.js|loginUser|Execution time: 311.523ms
2024-08-28 09:55:30|METERING|Gapblue|1|undefined|router.js|/login|Execution time of login api is:312.7638
2024-08-28 10:34:38|METERING|Gapblue|1|shirdi123|db_connector.js|openDbConnection|Execution time: 255.2786ms
2024-08-28 10:34:38|METERING|Gapblue|1|shirdi123|db_operation.js|executeQuery|Execution time: 268.1713ms
2024-08-28 10:34:45|METERING|Gapblue|1|shirdi@123|AuthenticationHandler.js|generateToken|Execution time: 11.9307ms
2024-08-28 10:35:01|METERING|Gapblue|1|shirdi123|db_connector.js|openDbConnection|Execution time: 16.423ms
2024-08-28 10:35:01|METERING|Gapblue|1|shirdi123|db_operation.js|executeQuery|Execution time: 25.5183ms
2024-08-28 10:35:01|METERING|Gapblue|1|shirdi@123|AuthenticationHandler.js|generateToken|Execution time: 2.3996ms
2024-08-28 10:35:18|METERING|Gapblue|1|shirdi123|db_connector.js|openDbConnection|Execution time: 103.7533ms
2024-08-28 10:35:18|METERING|Gapblue|1|shirdi123|db_operation.js|executeQuery|Execution time: 109.3954ms
2024-08-28 10:35:18|METERING|Gapblue|1|shirdi@123|AuthenticationHandler.js|generateToken|Execution time: 2.4486ms
2024-08-28 10:35:52|METERING|Gapblue|1|shirdi123|db_connector.js|openDbConnection|Execution time: 199.924ms
2024-08-28 10:35:52|METERING|Gapblue|1|shirdi123|db_operation.js|executeQuery|Execution time: 206.0019ms
2024-08-28 10:35:52|METERING|Gapblue|1|shirdi@123|AuthenticationHandler.js|generateToken|Execution time: 3.0482ms
2024-08-28 10:36:16|METERING|Gapblue|1|shirdi123|db_connector.js|openDbConnection|Execution time: 12.2853ms
2024-08-28 10:36:16|METERING|Gapblue|1|shirdi123|db_operation.js|executeQuery|Execution time: 22.1411ms
2024-08-28 10:36:53|METERING|Gapblue|1|shirdi@123|AuthenticationHandler.js|generateToken|Execution time: 24730.7591ms
2024-08-28 10:37:54|METERING|Gapblue|1|shirdi123|db_connector.js|openDbConnection|Execution time: 212.6803ms
2024-08-28 10:37:54|METERING|Gapblue|1|shirdi123|db_operation.js|executeQuery|Execution time: 223.1564ms
2024-08-28 10:38:01|METERING|Gapblue|1|shirdi@123|AuthenticationHandler.js|generateToken|Execution time: 7.2164ms
2024-08-28 10:38:56|METERING|Gapblue|1|shirdi123|db_connector.js|openDbConnection|Execution time: 210.7645ms
2024-08-28 10:38:56|METERING|Gapblue|1|shirdi123|db_operation.js|executeQuery|Execution time: 217.7795ms
2024-08-28 10:39:33|METERING|Gapblue|1|shirdi123|db_connector.js|openDbConnection|Execution time: 192.4857ms
2024-08-28 10:39:33|METERING|Gapblue|1|shirdi123|db_operation.js|executeQuery|Execution time: 200.5241ms
2024-08-28 10:39:33|METERING|Gapblue|1|shirdi@123|AuthenticationHandler.js|generateToken|Execution time: 2.5846ms
2024-08-28 10:39:53|METERING|Gapblue|1|shirdi123|db_connector.js|openDbConnection|Execution time: 227.9908ms
2024-08-28 10:39:53|METERING|Gapblue|1|shirdi123|db_operation.js|executeQuery|Execution time: 235.408ms
2024-08-28 10:41:16|METERING|Gapblue|1|shirdi123|db_connector.js|openDbConnection|Execution time: 90.5613ms
2024-08-28 10:41:16|METERING|Gapblue|1|shirdi123|db_operation.js|executeQuery|Execution time: 94.8568ms
2024-08-28 10:41:16|METERING|Gapblue|1|shirdi@123|AuthenticationHandler.js|generateToken|Execution time: 2.5702ms
2024-08-28 10:42:22|METERING|Gapblue|1|shirdi123|db_connector.js|openDbConnection|Execution time: 237.3628ms
2024-08-28 10:42:22|METERING|Gapblue|1|shirdi123|db_operation.js|executeQuery|Execution time: 247.6313ms
2024-08-28 10:43:09|METERING|Gapblue|1|shirdi123|db_connector.js|openDbConnection|Execution time: 93.7666ms
2024-08-28 10:43:09|METERING|Gapblue|1|shirdi123|db_operation.js|executeQuery|Execution time: 97.4275ms
2024-08-28 10:43:09|METERING|Gapblue|1|shirdi@123|AuthenticationHandler.js|generateToken|Execution time: 2.5571ms
2024-08-28 10:44:12|METERING|Gapblue|1|shirdi123|db_connector.js|openDbConnection|Execution time: 216.0878ms
2024-08-28 10:44:12|METERING|Gapblue|1|shirdi123|db_operation.js|executeQuery|Execution time: 222.2936ms
2024-08-28 10:44:17|METERING|Gapblue|1|shirdi@123|AuthenticationHandler.js|generateToken|Execution time: 5.5642ms
2024-08-28 10:45:06|METERING|Gapblue|1|shirdi123|db_connector.js|openDbConnection|Execution time: 95.175ms
2024-08-28 10:45:06|METERING|Gapblue|1|shirdi123|db_operation.js|executeQuery|Execution time: 99.2306ms
2024-08-28 10:45:06|METERING|Gapblue|1|shirdi@123|AuthenticationHandler.js|generateToken|Execution time: 3.1562ms
2024-08-28 10:45:24|METERING|Gapblue|1|shirdi123|db_connector.js|openDbConnection|Execution time: 75.9684ms
2024-08-28 10:45:24|METERING|Gapblue|1|shirdi123|db_operation.js|executeQuery|Execution time: 80.033ms
2024-08-28 10:45:24|METERING|Gapblue|1|shirdi@123|AuthenticationHandler.js|generateToken|Execution time: 2.416ms
2024-08-28 10:46:08|METERING|Gapblue|1|shirdi123|db_connector.js|openDbConnection|Execution time: 140.4387ms
2024-08-28 10:46:08|METERING|Gapblue|1|shirdi123|db_operation.js|executeQuery|Execution time: 145.435ms
2024-08-28 10:46:08|METERING|Gapblue|1|shirdi@123|AuthenticationHandler.js|generateToken|Execution time: 2.5456ms
2024-08-28 10:46:46|METERING|Gapblue|1|shirdi123|db_connector.js|openDbConnection|Execution time: 252.5132ms
2024-08-28 10:46:46|METERING|Gapblue|1|shirdi123|db_operation.js|executeQuery|Execution time: 258.8336ms
2024-08-28 10:47:16|METERING|Gapblue|1|shirdi123|db_connector.js|openDbConnection|Execution time: 85.5236ms
2024-08-28 10:47:16|METERING|Gapblue|1|shirdi123|db_operation.js|executeQuery|Execution time: 89.2064ms
2024-08-28 10:47:16|METERING|Gapblue|1|shirdi@123|AuthenticationHandler.js|generateToken|Execution time: 2.9465ms
2024-08-28 10:47:34|METERING|Gapblue|1|shirdi123|db_connector.js|openDbConnection|Execution time: 151.8207ms
2024-08-28 10:47:34|METERING|Gapblue|1|shirdi123|db_operation.js|executeQuery|Execution time: 157.1751ms
2024-08-28 10:48:35|METERING|Gapblue|1|shirdi123|db_connector.js|openDbConnection|Execution time: 138.1548ms
2024-08-28 10:48:35|METERING|Gapblue|1|shirdi123|db_operation.js|executeQuery|Execution time: 143.0251ms
2024-08-28 10:49:08|METERING|Gapblue|1|shirdi@123|AuthenticationHandler.js|generateToken|Execution time: 5.7985ms
2024-08-28 10:50:01|METERING|Gapblue|1|shirdi123|db_connector.js|openDbConnection|Execution time: 174.2148ms
2024-08-28 10:50:01|METERING|Gapblue|1|shirdi123|db_operation.js|executeQuery|Execution time: 179.5889ms
2024-08-28 10:50:23|METERING|Gapblue|1|shirdi@123|AuthenticationHandler.js|generateToken|Execution time: 10.5371ms
2024-08-28 10:51:51|METERING|Gapblue|1|shirdi123|db_connector.js|openDbConnection|Execution time: 85.9032ms
2024-08-28 10:51:51|METERING|Gapblue|1|shirdi123|db_operation.js|executeQuery|Execution time: 94.3122ms
2024-08-28 10:51:53|METERING|Gapblue|1|shirdi@123|AuthenticationHandler.js|generateToken|Execution time: 3.2585ms
2024-08-28 10:52:17|METERING|Gapblue|1|shirdi123|db_connector.js|openDbConnection|Execution time: 87.6313ms
2024-08-28 10:52:17|METERING|Gapblue|1|shirdi123|db_operation.js|executeQuery|Execution time: 90.8366ms
2024-08-28 10:52:19|METERING|Gapblue|1|shirdi@123|AuthenticationHandler.js|generateToken|Execution time: 2.048ms
2024-08-28 10:53:01|METERING|Gapblue|1|shirdi123|db_connector.js|openDbConnection|Execution time: 101.6223ms
2024-08-28 10:53:01|METERING|Gapblue|1|shirdi123|db_operation.js|executeQuery|Execution time: 104.4661ms
2024-08-28 10:53:02|METERING|Gapblue|1|shirdi@123|AuthenticationHandler.js|generateToken|Execution time: 2.2697ms
2024-08-28 10:53:15|METERING|Gapblue|1|shirdi123|db_connector.js|openDbConnection|Execution time: 52.8281ms
2024-08-28 10:53:15|METERING|Gapblue|1|shirdi123|db_operation.js|executeQuery|Execution time: 55.0491ms
2024-08-28 10:53:15|METERING|Gapblue|1|shirdi@123|AuthenticationHandler.js|generateToken|Execution time: 1.4252ms
2024-08-28 10:54:30|METERING|Gapblue|1|shirdi123|db_connector.js|openDbConnection|Execution time: 51.7038ms
2024-08-28 10:54:30|METERING|Gapblue|1|shirdi123|db_operation.js|executeQuery|Execution time: 54.032ms
2024-08-28 10:54:30|METERING|Gapblue|1|shirdi@123|AuthenticationHandler.js|generateToken|Execution time: 1.4532ms
2024-08-28 10:54:52|METERING|Gapblue|1|shirdi123|db_connector.js|openDbConnection|Execution time: 51.3509ms
2024-08-28 10:54:52|METERING|Gapblue|1|shirdi123|db_operation.js|executeQuery|Execution time: 53.5921ms
2024-08-28 10:54:52|METERING|Gapblue|1|shirdi@123|AuthenticationHandler.js|generateToken|Execution time: 1.5906ms
2024-08-28 10:55:09|METERING|Gapblue|1|shirdi123|db_connector.js|openDbConnection|Execution time: 46.6894ms
2024-08-28 10:55:09|METERING|Gapblue|1|shirdi123|db_operation.js|executeQuery|Execution time: 49.0536ms
2024-08-28 10:55:09|METERING|Gapblue|1|shirdi@123|AuthenticationHandler.js|generateToken|Execution time: 1.3989ms
2024-08-28 10:56:02|METERING|Gapblue|1|shirdi123|db_connector.js|openDbConnection|Execution time: 85.0452ms
2024-08-28 10:56:02|METERING|Gapblue|1|shirdi123|db_operation.js|executeQuery|Execution time: 92.2126ms
2024-08-28 10:56:02|METERING|Gapblue|1|shirdi@123|AuthenticationHandler.js|generateToken|Execution time: 1.4241ms
2024-08-28 10:56:32|METERING|Gapblue|1|shirdi123|db_connector.js|openDbConnection|Execution time: 52.776ms
2024-08-28 10:56:32|METERING|Gapblue|1|shirdi123|db_operation.js|executeQuery|Execution time: 54.9413ms
2024-08-28 10:56:33|METERING|Gapblue|1|shirdi@123|AuthenticationHandler.js|generateToken|Execution time: 1.5899ms
2024-08-28 10:56:33|METERING|Gapblue|1|username|service.js|loginUser|Execution time: 60.1178ms
2024-08-28 10:56:33|METERING|Gapblue|1|undefined|router.js|/login|Execution time of login api is:62.0897
